stack name: network
{
    "StackEvents": [
        {
            "StackId": "arn:aws:cloudformation:ap-northeast-1:651438125238:stack/network/19e38170-b17d-11ea-893e-063a64457ffa",
            "EventId": "07d0b0c0-b187-11ea-badb-06255f79192a",
            "StackName": "network",
            "LogicalResourceId": "network",
            "PhysicalResourceId": "arn:aws:cloudformation:ap-northeast-1:651438125238:stack/network/19e38170-b17d-11ea-893e-063a64457ffa",
            "ResourceType": "AWS::CloudFormation::Stack",
            "Timestamp": "2020-06-18T17:13:29.782000+00:00",
            "ResourceStatus": "UPDATE_COMPLETE"
        },
        {
            "StackId": "arn:aws:cloudformation:ap-northeast-1:651438125238:stack/network/19e38170-b17d-11ea-893e-063a64457ffa",
            "EventId": "075ae480-b187-11ea-9fe6-0a949e552770",
            "StackName": "network",
            "LogicalResourceId": "network",
            "PhysicalResourceId": "arn:aws:cloudformation:ap-northeast-1:651438125238:stack/network/19e38170-b17d-11ea-893e-063a64457ffa",
            "ResourceType": "AWS::CloudFormation::Stack",
            "Timestamp": "2020-06-18T17:13:29.012000+00:00",
            "ResourceStatus": "UPDATE_COMPLETE_CLEANUP_IN_PROGRESS"
        },
        {
            "StackId": "arn:aws:cloudformation:ap-northeast-1:651438125238:stack/network/19e38170-b17d-11ea-893e-063a64457ffa",
            "EventId": "041619c0-b187-11ea-a083-0a6f9c86115e",
            "StackName": "network",
            "LogicalResourceId": "network",
            "PhysicalResourceId": "arn:aws:cloudformation:ap-northeast-1:651438125238:stack/network/19e38170-b17d-11ea-893e-063a64457ffa",
            "ResourceType": "AWS::CloudFormation::Stack",
            "Timestamp": "2020-06-18T17:13:23.521000+00:00",
            "ResourceStatus": "UPDATE_IN_PROGRESS",
            "ResourceStatusReason": "User Initiated"
        },
        {
            "StackId": "arn:aws:cloudformation:ap-northeast-1:651438125238:stack/network/19e38170-b17d-11ea-893e-063a64457ffa",
            "EventId": "da5f15a0-b186-11ea-a655-0a50f89864ca",
            "StackName": "network",
            "LogicalResourceId": "network",
            "PhysicalResourceId": "arn:aws:cloudformation:ap-northeast-1:651438125238:stack/network/19e38170-b17d-11ea-893e-063a64457ffa",
            "ResourceType": "AWS::CloudFormation::Stack",
            "Timestamp": "2020-06-18T17:12:13.539000+00:00",
            "ResourceStatus": "UPDATE_COMPLETE"
        },
        {
            "StackId": "arn:aws:cloudformation:ap-northeast-1:651438125238:stack/network/19e38170-b17d-11ea-893e-063a64457ffa",
            "EventId": "d9d461d0-b186-11ea-91b9-0a0bafe12bca",
            "StackName": "network",
            "LogicalResourceId": "network",
            "PhysicalResourceId": "arn:aws:cloudformation:ap-northeast-1:651438125238:stack/network/19e38170-b17d-11ea-893e-063a64457ffa",
            "ResourceType": "AWS::CloudFormation::Stack",
            "Timestamp": "2020-06-18T17:12:12.633000+00:00",
            "ResourceStatus": "UPDATE_COMPLETE_CLEANUP_IN_PROGRESS"
        },
        {
            "StackId": "arn:aws:cloudformation:ap-northeast-1:651438125238:stack/network/19e38170-b17d-11ea-893e-063a64457ffa",
            "EventId": "d674bc10-b186-11ea-8cba-065c56f01aee",
            "StackName": "network",
            "LogicalResourceId": "network",
            "PhysicalResourceId": "arn:aws:cloudformation:ap-northeast-1:651438125238:stack/network/19e38170-b17d-11ea-893e-063a64457ffa",
            "ResourceType": "AWS::CloudFormation::Stack",
            "Timestamp": "2020-06-18T17:12:06.966000+00:00",
            "ResourceStatus": "UPDATE_IN_PROGRESS",
            "ResourceStatusReason": "User Initiated"
        },
        {
            "StackId": "arn:aws:cloudformation:ap-northeast-1:651438125238:stack/network/19e38170-b17d-11ea-893e-063a64457ffa",
            "EventId": "55225350-b17e-11ea-b29d-068a1e4f7940",
            "StackName": "network",
            "LogicalResourceId": "network",
            "PhysicalResourceId": "arn:aws:cloudformation:ap-northeast-1:651438125238:stack/network/19e38170-b17d-11ea-893e-063a64457ffa",
            "ResourceType": "AWS::CloudFormation::Stack",
            "Timestamp": "2020-06-18T16:11:14.039000+00:00",
            "ResourceStatus": "UPDATE_COMPLETE"
        },
        {
            "StackId": "arn:aws:cloudformation:ap-northeast-1:651438125238:stack/network/19e38170-b17d-11ea-893e-063a64457ffa",
            "EventId": "54b07eb0-b17e-11ea-a6b0-0aec1eafc950",
            "StackName": "network",
            "LogicalResourceId": "network",
            "PhysicalResourceId": "arn:aws:cloudformation:ap-northeast-1:651438125238:stack/network/19e38170-b17d-11ea-893e-063a64457ffa",
            "ResourceType": "AWS::CloudFormation::Stack",
            "Timestamp": "2020-06-18T16:11:13.286000+00:00",
            "ResourceStatus": "UPDATE_COMPLETE_CLEANUP_IN_PROGRESS"
        },
        {
            "StackId": "arn:aws:cloudformation:ap-northeast-1:651438125238:stack/network/19e38170-b17d-11ea-893e-063a64457ffa",
            "EventId": "51582bf0-b17e-11ea-9050-0ab0e844d044",
            "StackName": "network",
            "LogicalResourceId": "network",
            "PhysicalResourceId": "arn:aws:cloudformation:ap-northeast-1:651438125238:stack/network/19e38170-b17d-11ea-893e-063a64457ffa",
            "ResourceType": "AWS::CloudFormation::Stack",
            "Timestamp": "2020-06-18T16:11:07.672000+00:00",
            "ResourceStatus": "UPDATE_IN_PROGRESS",
            "ResourceStatusReason": "User Initiated"
        },
        {
            "StackId": "arn:aws:cloudformation:ap-northeast-1:651438125238:stack/network/19e38170-b17d-11ea-893e-063a64457ffa",
            "EventId": "261b7230-b17e-11ea-ad41-0e36924addac",
            "StackName": "network",
            "LogicalResourceId": "network",
            "PhysicalResourceId": "arn:aws:cloudformation:ap-northeast-1:651438125238:stack/network/19e38170-b17d-11ea-893e-063a64457ffa",
            "ResourceType": "AWS::CloudFormation::Stack",
            "Timestamp": "2020-06-18T16:09:55.137000+00:00",
            "ResourceStatus": "UPDATE_COMPLETE"
        },
        {
            "StackId": "arn:aws:cloudformation:ap-northeast-1:651438125238:stack/network/19e38170-b17d-11ea-893e-063a64457ffa",
            "EventId": "PrivateubnetCRouteTableAssociation-8f14210f-014f-4728-9962-58b40ac79252",
            "StackName": "network",
            "LogicalResourceId": "PrivateubnetCRouteTableAssociation",
            "PhysicalResourceId": "rtbassoc-0e3c44ce181152426",
            "ResourceType": "AWS::EC2::SubnetRouteTableAssociation",
            "Timestamp": "2020-06-18T16:09:54.878000+00:00",
            "ResourceStatus": "DELETE_COMPLETE"
        },
        {
            "StackId": "arn:aws:cloudformation:ap-northeast-1:651438125238:stack/network/19e38170-b17d-11ea-893e-063a64457ffa",
            "EventId": "PrivateubnetCRouteTableAssociation-7e271df0-764c-4337-be0c-3ba3991b7cb3",
            "StackName": "network",
            "LogicalResourceId": "PrivateubnetCRouteTableAssociation",
            "PhysicalResourceId": "rtbassoc-0e3c44ce181152426",
            "ResourceType": "AWS::EC2::SubnetRouteTableAssociation",
            "Timestamp": "2020-06-18T16:09:39.027000+00:00",
            "ResourceStatus": "DELETE_IN_PROGRESS"
        },
        {
            "StackId": "arn:aws:cloudformation:ap-northeast-1:651438125238:stack/network/19e38170-b17d-11ea-893e-063a64457ffa",
            "EventId": "1bac6520-b17e-11ea-9459-06d1721e128e",
            "StackName": "network",
            "LogicalResourceId": "network",
            "PhysicalResourceId": "arn:aws:cloudformation:ap-northeast-1:651438125238:stack/network/19e38170-b17d-11ea-893e-063a64457ffa",
            "ResourceType": "AWS::CloudFormation::Stack",
            "Timestamp": "2020-06-18T16:09:37.628000+00:00",
            "ResourceStatus": "UPDATE_COMPLETE_CLEANUP_IN_PROGRESS"
        },
        {
            "StackId": "arn:aws:cloudformation:ap-northeast-1:651438125238:stack/network/19e38170-b17d-11ea-893e-063a64457ffa",
            "EventId": "PrivateSubnetCRouteTableAssociation-CREATE_COMPLETE-2020-06-18T16:09:35.500Z",
            "StackName": "network",
            "LogicalResourceId": "PrivateSubnetCRouteTableAssociation",
            "PhysicalResourceId": "rtbassoc-0e3c44ce181152426",
            "ResourceType": "AWS::EC2::SubnetRouteTableAssociation",
            "Timestamp": "2020-06-18T16:09:35.500000+00:00",
            "ResourceStatus": "CREATE_COMPLETE",
            "ResourceProperties": "{\"RouteTableId\":\"rtb-00e897b9906432ccb\",\"SubnetId\":\"subnet-07a5384f691b758a4\"}"
        },
        {
            "StackId": "arn:aws:cloudformation:ap-northeast-1:651438125238:stack/network/19e38170-b17d-11ea-893e-063a64457ffa",
            "EventId": "PrivateSubnetCRouteTableAssociation-CREATE_IN_PROGRESS-2020-06-18T16:09:20.034Z",
            "StackName": "network",
            "LogicalResourceId": "PrivateSubnetCRouteTableAssociation",
            "PhysicalResourceId": "rtbassoc-0e3c44ce181152426",
            "ResourceType": "AWS::EC2::SubnetRouteTableAssociation",
            "Timestamp": "2020-06-18T16:09:20.034000+00:00",
            "ResourceStatus": "CREATE_IN_PROGRESS",
            "ResourceStatusReason": "Resource creation Initiated",
            "ResourceProperties": "{\"RouteTableId\":\"rtb-00e897b9906432ccb\",\"SubnetId\":\"subnet-07a5384f691b758a4\"}"
        },
        {
            "StackId": "arn:aws:cloudformation:ap-northeast-1:651438125238:stack/network/19e38170-b17d-11ea-893e-063a64457ffa",
            "EventId": "PrivateSubnetCRouteTableAssociation-CREATE_IN_PROGRESS-2020-06-18T16:09:19.002Z",
            "StackName": "network",
            "LogicalResourceId": "PrivateSubnetCRouteTableAssociation",
            "PhysicalResourceId": "",
            "ResourceType": "AWS::EC2::SubnetRouteTableAssociation",
            "Timestamp": "2020-06-18T16:09:19.002000+00:00",
            "ResourceStatus": "CREATE_IN_PROGRESS",
            "ResourceProperties": "{\"RouteTableId\":\"rtb-00e897b9906432ccb\",\"SubnetId\":\"subnet-07a5384f691b758a4\"}"
        },
        {
            "StackId": "arn:aws:cloudformation:ap-northeast-1:651438125238:stack/network/19e38170-b17d-11ea-893e-063a64457ffa",
            "EventId": "0da4a0f0-b17e-11ea-9fe6-0a949e552770",
            "StackName": "network",
            "LogicalResourceId": "network",
            "PhysicalResourceId": "arn:aws:cloudformation:ap-northeast-1:651438125238:stack/network/19e38170-b17d-11ea-893e-063a64457ffa",
            "ResourceType": "AWS::CloudFormation::Stack",
            "Timestamp": "2020-06-18T16:09:14.084000+00:00",
            "ResourceStatus": "UPDATE_IN_PROGRESS",
            "ResourceStatusReason": "User Initiated"
        },
        {
            "StackId": "arn:aws:cloudformation:ap-northeast-1:651438125238:stack/network/19e38170-b17d-11ea-893e-063a64457ffa",
            "EventId": "3fba1710-b17d-11ea-a6b0-0aec1eafc950",
            "StackName": "network",
            "LogicalResourceId": "network",
            "PhysicalResourceId": "arn:aws:cloudformation:ap-northeast-1:651438125238:stack/network/19e38170-b17d-11ea-893e-063a64457ffa",
            "ResourceType": "AWS::CloudFormation::Stack",
            "Timestamp": "2020-06-18T16:03:28.624000+00:00",
            "ResourceStatus": "CREATE_COMPLETE"
        },
        {
            "StackId": "arn:aws:cloudformation:ap-northeast-1:651438125238:stack/network/19e38170-b17d-11ea-893e-063a64457ffa",
            "EventId": "PrivateubnetCRouteTableAssociation-CREATE_COMPLETE-2020-06-18T16:03:25.596Z",
            "StackName": "network",
            "LogicalResourceId": "PrivateubnetCRouteTableAssociation",
            "PhysicalResourceId": "rtbassoc-0e3c44ce181152426",
            "ResourceType": "AWS::EC2::SubnetRouteTableAssociation",
            "Timestamp": "2020-06-18T16:03:25.596000+00:00",
            "ResourceStatus": "CREATE_COMPLETE",
            "ResourceProperties": "{\"RouteTableId\":\"rtb-00e897b9906432ccb\",\"SubnetId\":\"subnet-07a5384f691b758a4\"}"
        },
        {
            "StackId": "arn:aws:cloudformation:ap-northeast-1:651438125238:stack/network/19e38170-b17d-11ea-893e-063a64457ffa",
            "EventId": "PublicSubnetCRouteTableAssociation-CREATE_COMPLETE-2020-06-18T16:03:25.117Z",
            "StackName": "network",
            "LogicalResourceId": "PublicSubnetCRouteTableAssociation",
            "PhysicalResourceId": "rtbassoc-048b209d2fc06d2d8",
            "ResourceType": "AWS::EC2::SubnetRouteTableAssociation",
            "Timestamp": "2020-06-18T16:03:25.117000+00:00",
            "ResourceStatus": "CREATE_COMPLETE",
            "ResourceProperties": "{\"RouteTableId\":\"rtb-0dafd62a4725e33c8\",\"SubnetId\":\"subnet-0852dc7d70bad1870\"}"
        },
        {
            "StackId": "arn:aws:cloudformation:ap-northeast-1:651438125238:stack/network/19e38170-b17d-11ea-893e-063a64457ffa",
            "EventId": "PublicSubnetARouteTableAssociation-CREATE_COMPLETE-2020-06-18T16:03:24.786Z",
            "StackName": "network",
            "LogicalResourceId": "PublicSubnetARouteTableAssociation",
            "PhysicalResourceId": "rtbassoc-03e7220332782f61d",
            "ResourceType": "AWS::EC2::SubnetRouteTableAssociation",
            "Timestamp": "2020-06-18T16:03:24.786000+00:00",
            "ResourceStatus": "CREATE_COMPLETE",
            "ResourceProperties": "{\"RouteTableId\":\"rtb-0ead39f199144cb3d\",\"SubnetId\":\"subnet-06d80b311d9892ddd\"}"
        },
        {
            "StackId": "arn:aws:cloudformation:ap-northeast-1:651438125238:stack/network/19e38170-b17d-11ea-893e-063a64457ffa",
            "EventId": "PrivateSubnetARouteTableAssociation-CREATE_COMPLETE-2020-06-18T16:03:24.707Z",
            "StackName": "network",
            "LogicalResourceId": "PrivateSubnetARouteTableAssociation",
            "PhysicalResourceId": "rtbassoc-095fbb23d8dad9e5d",
            "ResourceType": "AWS::EC2::SubnetRouteTableAssociation",
            "Timestamp": "2020-06-18T16:03:24.707000+00:00",
            "ResourceStatus": "CREATE_COMPLETE",
            "ResourceProperties": "{\"RouteTableId\":\"rtb-0097bf20a5f504894\",\"SubnetId\":\"subnet-048336b44c5a18b0b\"}"
        },
        {
            "StackId": "arn:aws:cloudformation:ap-northeast-1:651438125238:stack/network/19e38170-b17d-11ea-893e-063a64457ffa",
            "EventId": "PrivateubnetCRouteTableAssociation-CREATE_IN_PROGRESS-2020-06-18T16:03:10.095Z",
            "StackName": "network",
            "LogicalResourceId": "PrivateubnetCRouteTableAssociation",
            "PhysicalResourceId": "rtbassoc-0e3c44ce181152426",
            "ResourceType": "AWS::EC2::SubnetRouteTableAssociation",
            "Timestamp": "2020-06-18T16:03:10.095000+00:00",
            "ResourceStatus": "CREATE_IN_PROGRESS",
            "ResourceStatusReason": "Resource creation Initiated",
            "ResourceProperties": "{\"RouteTableId\":\"rtb-00e897b9906432ccb\",\"SubnetId\":\"subnet-07a5384f691b758a4\"}"
        },
        {
            "StackId": "arn:aws:cloudformation:ap-northeast-1:651438125238:stack/network/19e38170-b17d-11ea-893e-063a64457ffa",
            "EventId": "PublicRouteC-CREATE_COMPLETE-2020-06-18T16:03:09.819Z",
            "StackName": "network",
            "LogicalResourceId": "PublicRouteC",
            "PhysicalResourceId": "netwo-Publi-1EU3P5NUU375X",
            "ResourceType": "AWS::EC2::Route",
            "Timestamp": "2020-06-18T16:03:09.819000+00:00",
            "ResourceStatus": "CREATE_COMPLETE",
            "ResourceProperties": "{\"RouteTableId\":\"rtb-0dafd62a4725e33c8\",\"DestinationCidrBlock\":\"0.0.0.0/0\",\"GatewayId\":\"igw-0cd39771f7ec31110\"}"
        },
        {
            "StackId": "arn:aws:cloudformation:ap-northeast-1:651438125238:stack/network/19e38170-b17d-11ea-893e-063a64457ffa",
            "EventId": "PublicSubnetCRouteTableAssociation-CREATE_IN_PROGRESS-2020-06-18T16:03:09.705Z",
            "StackName": "network",
            "LogicalResourceId": "PublicSubnetCRouteTableAssociation",
            "PhysicalResourceId": "rtbassoc-048b209d2fc06d2d8",
            "ResourceType": "AWS::EC2::SubnetRouteTableAssociation"
,
            "Timestamp": "2020-06-18T16:03:09.705000+00:00",
            "ResourceStatus": "CREATE_IN_PROGRESS",
            "ResourceStatusReason": "Resource creation Initiated",
            "ResourceProperties": "{\"RouteTableId\":\"rtb-0dafd62a4725e33c8\",\"SubnetId\":\"subnet-0852dc7d70bad1870\"}"
        },
        {
            "StackId": "arn:aws:cloudformation:ap-northeast-1:651438125238:stack/network/19e38170-b17d-11ea-893e-063a64457ffa",
            "EventId": "PublicRouteA-CREATE_COMPLETE-2020-06-18T16:03:09.665Z",
            "StackName": "network",
            "LogicalResourceId": "PublicRouteA",
            "PhysicalResourceId": "netwo-Publi-B7X3VEOBV0OK",
            "ResourceType": "AWS::EC2::Route",
            "Timestamp": "2020-06-18T16:03:09.665000+00:00",
            "ResourceStatus": "CREATE_COMPLETE",
            "ResourceProperties": "{\"RouteTableId\":\"rtb-0ead39f199144cb3d\",\"DestinationCidrBlock\":\"0.0.0.0/0\",\"GatewayId\":\"igw-0cd39771f7ec31110\"}"
        },
        {
            "StackId": "arn:aws:cloudformation:ap-northeast-1:651438125238:stack/network/19e38170-b17d-11ea-893e-063a64457ffa",
            "EventId": "PrivateRouteC-CREATE_COMPLETE-2020-06-18T16:03:09.403Z",
            "StackName": "network",
            "LogicalResourceId": "PrivateRouteC",
            "PhysicalResourceId": "netwo-Priva-8UM6V1R7MWMY",
            "ResourceType": "AWS::EC2::Route",
            "Timestamp": "2020-06-18T16:03:09.403000+00:00",
            "ResourceStatus": "CREATE_COMPLETE",
            "ResourceProperties": "{\"RouteTableId\":\"rtb-00e897b9906432ccb\",\"DestinationCidrBlock\":\"0.0.0.0/0\",\"GatewayId\":\"igw-0cd39771f7ec31110\"}"
        },
        {
            "StackId": "arn:aws:cloudformation:ap-northeast-1:651438125238:stack/network/19e38170-b17d-11ea-893e-063a64457ffa",
            "EventId": "PublicSubnetARouteTableAssociation-CREATE_IN_PROGRESS-2020-06-18T16:03:09.370Z",
            "StackName": "network",
            "LogicalResourceId": "PublicSubnetARouteTableAssociation",
            "PhysicalResourceId": "rtbassoc-03e7220332782f61d",
            "ResourceType": "AWS::EC2::SubnetRouteTableAssociation",
            "Timestamp": "2020-06-18T16:03:09.370000+00:00",
            "ResourceStatus": "CREATE_IN_PROGRESS",
            "ResourceStatusReason": "Resource creation Initiated",
            "ResourceProperties": "{\"RouteTableId\":\"rtb-0ead39f199144cb3d\",\"SubnetId\":\"subnet-06d80b311d9892ddd\"}"
        },
        {
            "StackId": "arn:aws:cloudformation:ap-northeast-1:651438125238:stack/network/19e38170-b17d-11ea-893e-063a64457ffa",
            "EventId": "PrivateSubnetARouteTableAssociation-CREATE_IN_PROGRESS-2020-06-18T16:03:09.354Z",
            "StackName": "network",
            "LogicalResourceId": "PrivateSubnetARouteTableAssociation",
            "PhysicalResourceId": "rtbassoc-095fbb23d8dad9e5d",
            "ResourceType": "AWS::EC2::SubnetRouteTableAssociation",
            "Timestamp": "2020-06-18T16:03:09.354000+00:00",
            "ResourceStatus": "CREATE_IN_PROGRESS",
            "ResourceStatusReason": "Resource creation Initiated",
            "ResourceProperties": "{\"RouteTableId\":\"rtb-0097bf20a5f504894\",\"SubnetId\":\"subnet-048336b44c5a18b0b\"}"
        },
        {
            "StackId": "arn:aws:cloudformation:ap-northeast-1:651438125238:stack/network/19e38170-b17d-11ea-893e-063a64457ffa",
            "EventId": "PrivateRouteA-CREATE_COMPLETE-2020-06-18T16:03:09.334Z",
            "StackName": "network",
            "LogicalResourceId": "PrivateRouteA",
            "PhysicalResourceId": "netwo-Priva-17FPFO1H3LULR",
            "ResourceType": "AWS::EC2::Route",
            "Timestamp": "2020-06-18T16:03:09.334000+00:00",
            "ResourceStatus": "CREATE_COMPLETE",
            "ResourceProperties": "{\"RouteTableId\":\"rtb-0097bf20a5f504894\",\"DestinationCidrBlock\":\"0.0.0.0/0\",\"GatewayId\":\"igw-0cd39771f7ec31110\"}"
        },
        {
            "StackId": "arn:aws:cloudformation:ap-northeast-1:651438125238:stack/network/19e38170-b17d-11ea-893e-063a64457ffa",
            "EventId": "PrivateubnetCRouteTableAssociation-CREATE_IN_PROGRESS-2020-06-18T16:03:08.997Z",
            "StackName": "network",
            "LogicalResourceId": "PrivateubnetCRouteTableAssociation",
            "PhysicalResourceId": "",
            "ResourceType": "AWS::EC2::SubnetRouteTableAssociation",
            "Timestamp": "2020-06-18T16:03:08.997000+00:00",
            "ResourceStatus": "CREATE_IN_PROGRESS",
            "ResourceProperties": "{\"RouteTableId\":\"rtb-00e897b9906432ccb\",\"SubnetId\":\"subnet-07a5384f691b758a4\"}"
        },
        {
            "StackId": "arn:aws:cloudformation:ap-northeast-1:651438125238:stack/network/19e38170-b17d-11ea-893e-063a64457ffa",
            "EventId": "PublicSubnetCRouteTableAssociation-CREATE_IN_PROGRESS-2020-06-18T16:03:08.797Z",
            "StackName": "network",
            "LogicalResourceId": "PublicSubnetCRouteTableAssociation",
            "PhysicalResourceId": "",
            "ResourceType": "AWS::EC2::SubnetRouteTableAssociation",
            "Timestamp": "2020-06-18T16:03:08.797000+00:00",
            "ResourceStatus": "CREATE_IN_PROGRESS",
            "ResourceProperties": "{\"RouteTableId\":\"rtb-0dafd62a4725e33c8\",\"SubnetId\":\"subnet-0852dc7d70bad1870\"}"
        },
        {
            "StackId": "arn:aws:cloudformation:ap-northeast-1:651438125238:stack/network/19e38170-b17d-11ea-893e-063a64457ffa",
            "EventId": "PrivateSubnetARouteTableAssociation-CREATE_IN_PROGRESS-2020-06-18T16:03:08.508Z",
            "StackName": "network",
            "LogicalResourceId": "PrivateSubnetARouteTableAssociation",
            "PhysicalResourceId": "",
            "ResourceType": "AWS::EC2::SubnetRouteTableAssociation",
            "Timestamp": "2020-06-18T16:03:08.508000+00:00",
            "ResourceStatus": "CREATE_IN_PROGRESS",
            "ResourceProperties": "{\"RouteTableId\":\"rtb-0097bf20a5f504894\",\"SubnetId\":\"subnet-048336b44c5a18b0b\"}"
        },
        {
            "StackId": "arn:aws:cloudformation:ap-northeast-1:651438125238:stack/network/19e38170-b17d-11ea-893e-063a64457ffa",
            "EventId": "PublicSubnetARouteTableAssociation-CREATE_IN_PROGRESS-2020-06-18T16:03:08.504Z",
            "StackName": "network",
            "LogicalResourceId": "PublicSubnetARouteTableAssociation",
            "PhysicalResourceId": "",
            "ResourceType": "AWS::EC2::SubnetRouteTableAssociation",
            "Timestamp": "2020-06-18T16:03:08.504000+00:00",
            "ResourceStatus": "CREATE_IN_PROGRESS",
            "ResourceProperties": "{\"RouteTableId\":\"rtb-0ead39f199144cb3d\",\"SubnetId\":\"subnet-06d80b311d9892ddd\"}"
        },
        {
            "StackId": "arn:aws:cloudformation:ap-northeast-1:651438125238:stack/network/19e38170-b17d-11ea-893e-063a64457ffa",
            "EventId": "PublicSubnetC-CREATE_COMPLETE-2020-06-18T16:03:06.469Z",
            "StackName": "network",
            "LogicalResourceId": "PublicSubnetC",
            "PhysicalResourceId": "subnet-0852dc7d70bad1870",
            "ResourceType": "AWS::EC2::Subnet",
            "Timestamp": "2020-06-18T16:03:06.469000+00:00",
            "ResourceStatus": "CREATE_COMPLETE",
            "ResourceProperties": "{\"VpcId\":\"vpc-062a947d9ca295353\",\"AvailabilityZone\":\"ap-northeast-1c\",\"CidrBlock\":\"10.2.20.0/24\",\"Tags\":[{\"Value\":\"ar-public-subnet-c\",\"Key\":\"Name\"}]}"
        },
        {
            "StackId": "arn:aws:cloudformation:ap-northeast-1:651438125238:stack/network/19e38170-b17d-11ea-893e-063a64457ffa",
            "EventId": "PrivateSubnetC-CREATE_COMPLETE-2020-06-18T16:03:06.385Z",
            "StackName": "network",
            "LogicalResourceId": "PrivateSubnetC",
            "PhysicalResourceId": "subnet-07a5384f691b758a4",
            "ResourceType": "AWS::EC2::Subnet",
            "Timestamp": "2020-06-18T16:03:06.385000+00:00",
            "ResourceStatus": "CREATE_COMPLETE",
            "ResourceProperties": "{\"VpcId\":\"vpc-062a947d9ca295353\",\"AvailabilityZone\":\"ap-northeast-1c\",\"CidrBlock\":\"10.2.200.0/24\",\"Tags\":[{\"Value\":\"ar-private-subnet-c\",\"Key\":\"Name\"}]}"
        },
        {
            "StackId": "arn:aws:cloudformation:ap-northeast-1:651438125238:stack/network/19e38170-b17d-11ea-893e-063a64457ffa",
            "EventId": "PrivateSubnetA-CREATE_COMPLETE-2020-06-18T16:03:06.334Z",
            "StackName": "network",
            "LogicalResourceId": "PrivateSubnetA",
            "PhysicalResourceId": "subnet-048336b44c5a18b0b",
            "ResourceType": "AWS::EC2::Subnet",
            "Timestamp": "2020-06-18T16:03:06.334000+00:00",
            "ResourceStatus": "CREATE_COMPLETE",
            "ResourceProperties": "{\"VpcId\":\"vpc-062a947d9ca295353\",\"AvailabilityZone\":\"ap-northeast-1a\",\"CidrBlock\":\"10.2.100.0/24\",\"Tags\":[{\"Value\":\"ar-private-subnet-a\",\"Key\":\"Name\"}]}"
        },
        {
            "StackId": "arn:aws:cloudformation:ap-northeast-1:651438125238:stack/network/19e38170-b17d-11ea-893e-063a64457ffa",
            "EventId": "PublicSubnetA-CREATE_COMPLETE-2020-06-18T16:03:06.312Z",
            "StackName": "network",
            "LogicalResourceId": "PublicSubnetA",
            "PhysicalResourceId": "subnet-06d80b311d9892ddd",
            "ResourceType": "AWS::EC2::Subnet",
            "Timestamp": "2020-06-18T16:03:06.312000+00:00",
            "ResourceStatus": "CREATE_COMPLETE",
            "ResourceProperties": "{\"VpcId\":\"vpc-062a947d9ca295353\",\"AvailabilityZone\":\"ap-northeast-1a\",\"CidrBlock\":\"10.2.10.0/24\",\"Tags\":[{\"Value\":\"ar-public-subnet-a\",\"Key\":\"Name\"}]}"
        },
        {
            "StackId": "arn:aws:cloudformation:ap-northeast-1:651438125238:stack/network/19e38170-b17d-11ea-893e-063a64457ffa",
            "EventId": "InternetGatewayAttachment-CREATE_COMPLETE-2020-06-18T16:03:05.820Z",
            "StackName": "network",
            "LogicalResourceId": "InternetGatewayAttachment",
            "PhysicalResourceId": "netwo-Inter-58IF32UH35PH",
            "ResourceType": "AWS::EC2::VPCGatewayAttachment",
            "Timestamp": "2020-06-18T16:03:05.820000+00:00",
            "ResourceStatus": "CREATE_COMPLETE",
            "ResourceProperties": "{\"InternetGatewayId\":\"igw-0cd39771f7ec31110\",\"VpcId\":\"vpc-062a947d9ca295353\"}"
        },
        {
            "StackId": "arn:aws:cloudformation:ap-northeast-1:651438125238:stack/network/19e38170-b17d-11ea-893e-063a64457ffa",
            "EventId": "PublicRouteC-CREATE_IN_PROGRESS-2020-06-18T16:02:54.360Z",
            "StackName": "network",
            "LogicalResourceId": "PublicRouteC",
            "PhysicalResourceId": "netwo-Publi-1EU3P5NUU375X",
            "ResourceType": "AWS::EC2::Route",
            "Timestamp": "2020-06-18T16:02:54.360000+00:00",
            "ResourceStatus": "CREATE_IN_PROGRESS",
            "ResourceStatusReason": "Resource creation Initiated",
            "ResourceProperties": "{\"RouteTableId\":\"rtb-0dafd62a4725e33c8\",\"DestinationCidrBlock\":\"0.0.0.0/0\",\"GatewayId\":\"igw-0cd39771f7ec31110\"}"
        },
        {
            "StackId": "arn:aws:cloudformation:ap-northeast-1:651438125238:stack/network/19e38170-b17d-11ea-893e-063a64457ffa",
            "EventId": "PublicRouteA-CREATE_IN_PROGRESS-2020-06-18T16:02:54.201Z",
            "StackName": "network",
            "LogicalResourceId": "PublicRouteA",
            "PhysicalResourceId": "netwo-Publi-B7X3VEOBV0OK",
            "ResourceType": "AWS::EC2::Route",
            "Timestamp": "2020-06-18T16:02:54.201000+00:00",
            "ResourceStatus": "CREATE_IN_PROGRESS",
            "ResourceStatusReason": "Resource creation Initiated",
            "ResourceProperties": "{\"RouteTableId\":\"rtb-0ead39f199144cb3d\",\"DestinationCidrBlock\":\"0.0.0.0/0\",\"GatewayId\":\"igw-0cd39771f7ec31110\"}"
        },
        {
            "StackId": "arn:aws:cloudformation:ap-northeast-1:651438125238:stack/network/19e38170-b17d-11ea-893e-063a64457ffa",
            "EventId": "PrivateRouteC-CREATE_IN_PROGRESS-2020-06-18T16:02:54.023Z",
            "StackName": "network",
            "LogicalResourceId": "PrivateRouteC",
            "PhysicalResourceId": "netwo-Priva-8UM6V1R7MWMY",
            "ResourceType": "AWS::EC2::Route",
            "Timestamp": "2020-06-18T16:02:54.023000+00:00",
            "ResourceStatus": "CREATE_IN_PROGRESS",
            "ResourceStatusReason": "Resource creation Initiated",
            "ResourceProperties": "{\"RouteTableId\":\"rtb-00e897b9906432ccb\",\"DestinationCidrBlock\":\"0.0.0.0/0\",\"GatewayId\":\"igw-0cd39771f7ec31110\"}"
        },
        {
            "StackId": "arn:aws:cloudformation:ap-northeast-1:651438125238:stack/network/19e38170-b17d-11ea-893e-063a64457ffa",
            "EventId": "PrivateRouteA-CREATE_IN_PROGRESS-2020-06-18T16:02:53.962Z",
            "StackName": "network",
            "LogicalResourceId": "PrivateRouteA",
            "PhysicalResourceId": "netwo-Priva-17FPFO1H3LULR",
            "ResourceType": "AWS::EC2::Route",
            "Timestamp": "2020-06-18T16:02:53.962000+00:00",
            "ResourceStatus": "CREATE_IN_PROGRESS",
            "ResourceStatusReason": "Resource creation Initiated",
            "ResourceProperties": "{\"RouteTableId\":\"rtb-0097bf20a5f504894\",\"DestinationCidrBlock\":\"0.0.0.0/0\",\"GatewayId\":\"igw-0cd39771f7ec31110\"}"
        },
        {
            "StackId": "arn:aws:cloudformation:ap-northeast-1:651438125238:stack/network/19e38170-b17d-11ea-893e-063a64457ffa",
            "EventId": "PublicRouteC-CREATE_IN_PROGRESS-2020-06-18T16:02:53.769Z",
            "StackName": "network",
            "LogicalResourceId": "PublicRouteC",
            "PhysicalResourceId": "",
            "ResourceType": "AWS::EC2::Route",
            "Timestamp": "2020-06-18T16:02:53.769000+00:00",
            "ResourceStatus": "CREATE_IN_PROGRESS",
            "ResourceProperties": "{\"RouteTableId\":\"rtb-0dafd62a4725e33c8\",\"DestinationCidrBlock\":\"0.0.0.0/0\",\"GatewayId\":\"igw-0cd39771f7ec31110\"}"
        },
        {
            "StackId": "arn:aws:cloudformation:ap-northeast-1:651438125238:stack/network/19e38170-b17d-11ea-893e-063a64457ffa",
            "EventId": "PublicRouteA-CREATE_IN_PROGRESS-2020-06-18T16:02:53.591Z",
            "StackName": "network",
            "LogicalResourceId": "PublicRouteA",
            "PhysicalResourceId": "",
            "ResourceType": "AWS::EC2::Route",
            "Timestamp": "2020-06-18T16:02:53.591000+00:00",
            "ResourceStatus": "CREATE_IN_PROGRESS",
            "ResourceProperties": "{\"RouteTableId\":\"rtb-0ead39f199144cb3d\",\"DestinationCidrBlock\":\"0.0.0.0/0\",\"GatewayId\":\"igw-0cd39771f7ec31110\"}"
        },
        {
            "StackId": "arn:aws:cloudformation:ap-northeast-1:651438125238:stack/network/19e38170-b17d-11ea-893e-063a64457ffa",
            "EventId": "PrivateRouteC-CREATE_IN_PROGRESS-2020-06-18T16:02:53.438Z",
            "StackName": "network",
            "LogicalResourceId": "PrivateRouteC",
            "PhysicalResourceId": "",
            "ResourceType": "AWS::EC2::Route",
            "Timestamp": "2020-06-18T16:02:53.438000+00:00",
            "ResourceStatus": "CREATE_IN_PROGRESS",
            "ResourceProperties": "{\"RouteTableId\":\"rtb-00e897b9906432ccb\",\"DestinationCidrBlock\":\"0.0.0.0/0\",\"GatewayId\":\"igw-0cd39771f7ec31110\"}"
        },
        {
            "StackId": "arn:aws:cloudformation:ap-northeast-1:651438125238:stack/network/19e38170-b17d-11ea-893e-063a64457ffa",
            "EventId": "PrivateRouteA-CREATE_IN_PROGRESS-2020-06-18T16:02:53.392Z",
            "StackName": "network",
            "LogicalResourceId": "PrivateRouteA",
            "PhysicalResourceId": "",
            "ResourceType": "AWS::EC2::Route",
            "Timestamp": "2020-06-18T16:02:53.392000+00:00",
            "ResourceStatus": "CREATE_IN_PROGRESS",
            "ResourceProperties": "{\"RouteTableId\":\"rtb-0097bf20a5f504894\",\"DestinationCidrBlock\":\"0.0.0.0/0\",\"GatewayId\":\"igw-0cd39771f7ec31110\"}"
        },
        {
            "StackId": "arn:aws:cloudformation:ap-northeast-1:651438125238:stack/network/19e38170-b17d-11ea-893e-063a64457ffa",
            "EventId": "PublicRouteTableA-CREATE_COMPLETE-2020-06-18T16:02:51.521Z",
            "StackName": "network",
            "LogicalResourceId": "PublicRouteTableA",
            "PhysicalResourceId": "rtb-0ead39f199144cb3d",
            "ResourceType": "AWS::EC2::RouteTable",
            "Timestamp": "2020-06-18T16:02:51.521000+00:00",
            "ResourceStatus": "CREATE_COMPLETE",
            "ResourceProperties": "{\"VpcId\":\"vpc-062a947d9ca295353\",\"Tags\":[{\"Value\":\"ar-public-route-a\",\"Key\":\"Name\"}]}"
        },
        {
            "StackId": "arn:aws:cloudformation:ap-northeast-1:651438125238:stack/network/19e38170-b17d-11ea-893e-063a64457ffa",
            "EventId": "PrivateRouteTableC-CREATE_COMPLETE-2020-06-18T16:02:51.492Z",
            "StackName": "network",
            "LogicalResourceId": "PrivateRouteTableC",
            "PhysicalResourceId": "rtb-00e897b9906432ccb",
            "ResourceType": "AWS::EC2::RouteTable",
            "Timestamp": "2020-06-18T16:02:51.492000+00:00",
            "ResourceStatus": "CREATE_COMPLETE",
            "ResourceProperties": "{\"VpcId\":\"vpc-062a947d9ca295353\",\"Tags\":[{\"Value\":\"ar-private-route-c\",\"Key\":\"Name\"}]}"
        },
        {
            "StackId": "arn:aws:cloudformation:ap-northeast-1:651438125238:stack/network/19e38170-b17d-11ea-893e-063a64457ffa",
            "EventId": "PublicRouteTableC-CREATE_COMPLETE-2020-06-18T16:02:51.410Z",
            "StackName": "network",
            "LogicalResourceId": "PublicRouteTableC",
            "PhysicalResourceId": "rtb-0dafd62a4725e33c8",
            "ResourceType": "AWS::EC2::RouteTable",
            "Timestamp": "2020-06-18T16:02:51.410000+00:00",
            "ResourceStatus": "CREATE_COMPLETE",
            "ResourceProperties": "{\"VpcId\":\"vpc-062a947d9ca295353\",\"Tags\":[{\"Value\":\"ar-public-route-c\",\"Key\":\"Name\"}]}"
        },
        {
            "StackId": "arn:aws:cloudformation:ap-northeast-1:651438125238:stack/network/19e38170-b17d-11ea-893e-063a64457ffa",
            "EventId": "PrivateRouteTableA-CREATE_COMPLETE-2020-06-18T16:02:51.094Z",
            "StackName": "network",
            "LogicalResourceId": "PrivateRouteTableA",
            "PhysicalResourceId": "rtb-0097bf20a5f504894",
            "ResourceType": "AWS::EC2::RouteTable",
            "Timestamp": "2020-06-18T16:02:51.094000+00:00",
            "ResourceStatus": "CREATE_COMPLETE",
            "ResourceProperties": "{\"VpcId\":\"vpc-062a947d9ca295353\",\"Tags\":[{\"Value\":\"ar-private-route-a\",\"Key\":\"Name\"}]}"
        },
        {
            "StackId": "arn:aws:cloudformation:ap-northeast-1:651438125238:stack/network/19e38170-b17d-11ea-893e-063a64457ffa",
            "EventId": "PrivateRouteTableC-CREATE_IN_PROGRESS-2020-06-18T16:02:50.500Z",
            "StackName": "network",
            "LogicalResourceId": "PrivateRouteTableC",
            "PhysicalResourceId": "rtb-00e897b9906432ccb",
            "ResourceType": "AWS::EC2::RouteTable",
            "Timestamp": "2020-06-18T16:02:50.500000+00:00",
            "ResourceStatus": "CREATE_IN_PROGRESS",
            "ResourceStatusReason": "Resource creation Initiated",
            "ResourceProperties": "{\"VpcId\":\"vpc-062a947d9ca295353\",\"Tags\":[{\"Value\":\"ar-private-route-c\",\"Key\":\"Name\"}]}"
        },
        {
            "StackId": "arn:aws:cloudformation:ap-northeast-1:651438125238:stack/network/19e38170-b17d-11ea-893e-063a64457ffa",
            "EventId": "InternetGatewayAttachment-CREATE_IN_PROGRESS-2020-06-18T16:02:50.417Z",
            "StackName": "network",
            "LogicalResourceId": "InternetGatewayAttachment",
            "PhysicalResourceId": "netwo-Inter-58IF32UH35PH",
            "ResourceType": "AWS::EC2::VPCGatewayAttachment",
            "Timestamp": "2020-06-18T16:02:50.417000+00:00",
            "ResourceStatus": "CREATE_IN_PROGRESS",
            "ResourceStatusReason": "Resource creation Initiated",
            "ResourceProperties": "{\"InternetGatewayId\":\"igw-0cd39771f7ec31110\",\"VpcId\":\"vpc-062a947d9ca295353\"}"
        },
        {
            "StackId": "arn:aws:cloudformation:ap-northeast-1:651438125238:stack/network/19e38170-b17d-11ea-893e-063a64457ffa",
            "EventId": "PublicSubnetC-CREATE_IN_PROGRESS-2020-06-18T16:02:50.353Z",
            "StackName": "network",
            "LogicalResourceId": "PublicSubnetC",
            "PhysicalResourceId": "subnet-0852dc7d70bad1870",
            "ResourceType": "AWS::EC2::Subnet",
            "Timestamp": "2020-06-18T16:02:50.353000+00:00",
            "ResourceStatus": "CREATE_IN_PROGRESS",
            "ResourceStatusReason": "Resource creation Initiated",
            "ResourceProperties": "{\"VpcId\":\"vpc-062a947d9ca295353\",\"AvailabilityZone\":\"ap-northeast-1c\",\"CidrBlock\":\"10.2.20.0/24\",\"Tags\":[{\"Value\":\"ar-public-subnet-c\",\"Key\":\"Name\"}]}"
        },
        {
            "StackId": "arn:aws:cloudformation:ap-northeast-1:651438125238:stack/network/19e38170-b17d-11ea-893e-063a64457ffa",
            "EventId": "PublicRouteTableC-CREATE_IN_PROGRESS-2020-06-18T16:02:50.326Z",
            "StackName": "network",
            "LogicalResourceId": "PublicRouteTableC",
            "PhysicalResourceId": "rtb-0dafd62a4725e33c8",
            "ResourceType": "AWS::EC2::RouteTable",
            "Timestamp": "2020-06-18T16:02:50.326000+00:00",
            "ResourceStatus": "CREATE_IN_PROGRESS",
            "ResourceStatusReason": "Resource creation Initiated",
            "ResourceProperties": "{\"VpcId\":\"vpc-062a947d9ca295353\",\"Tags\":[{\"Value\":\"ar-public-route-c\",\"Key\":\"Name\"}]}"
        },
        {
            "StackId": "arn:aws:cloudformation:ap-northeast-1:651438125238:stack/network/19e38170-b17d-11ea-893e-063a64457ffa",
            "EventId": "PublicRouteTableA-CREATE_IN_PROGRESS-2020-06-18T16:02:50.312Z",
            "StackName": "network",
            "LogicalResourceId": "PublicRouteTableA",
            "PhysicalResourceId": "rtb-0ead39f199144cb3d",
            "ResourceType": "AWS::EC2::RouteTable",
            "Timestamp": "2020-06-18T16:02:50.312000+00:00",
            "ResourceStatus": "CREATE_IN_PROGRESS",
            "ResourceStatusReason": "Resource creation Initiated",
            "ResourceProperties": "{\"VpcId\":\"vpc-062a947d9ca295353\",\"Tags\":[{\"Value\":\"ar-public-route-a\",\"Key\":\"Name\"}]}"
        },
        {
            "StackId": "arn:aws:cloudformation:ap-northeast-1:651438125238:stack/network/19e38170-b17d-11ea-893e-063a64457ffa",
            "EventId": "PrivateSubnetA-CREATE_IN_PROGRESS-2020-06-18T16:02:50.225Z",
            "StackName": "network",
            "LogicalResourceId": "PrivateSubnetA",
            "PhysicalResourceId": "subnet-048336b44c5a18b0b",
            "ResourceType": "AWS::EC2::Subnet",
            "Timestamp": "2020-06-18T16:02:50.225000+00:00",
            "ResourceStatus": "CREATE_IN_PROGRESS",
            "ResourceStatusReason": "Resource creation Initiated",
            "ResourceProperties": "{\"VpcId\":\"vpc-062a947d9ca295353\",\"AvailabilityZone\":\"ap-northeast-1a\",\"CidrBlock\":\"10.2.100.0/24\",\"Tags\":[{\"Value\":\"ar-private-subnet-a\",\"Key\":\"Name\"}]}"
        },
        {
            "StackId": "arn:aws:cloudformation:ap-northeast-1:651438125238:stack/network/19e38170-b17d-11ea-893e-063a64457ffa",
            "EventId": "PrivateSubnetC-CREATE_IN_PROGRESS-2020-06-18T16:02:50.204Z",
            "StackName": "network",
            "LogicalResourceId": "PrivateSubnetC",
            "PhysicalResourceId": "subnet-07a5384f691b758a4",
            "ResourceType": "AWS::EC2::Subnet",
            "Timestamp": "2020-06-18T16:02:50.204000+00:00",
            "ResourceStatus": "CREATE_IN_PROGRESS",
            "ResourceStatusReason": "Resource creation Initiated",
            "ResourceProperties": "{\"VpcId\":\"vpc-062a947d9ca295353\",\"AvailabilityZone\":\"ap-northeast-1c\",\"CidrBlock\":\"10.2.200.0/24\",\"Tags\":[{\"Value\":\"ar-private-subnet-c\",\"Key\":\"Name\"}]}"
        },
        {
            "StackId": "arn:aws:cloudformation:ap-northeast-1:651438125238:stack/network/19e38170-b17d-11ea-893e-063a64457ffa",
            "EventId": "PrivateRouteTableC-CREATE_IN_PROGRESS-2020-06-18T16:02:50.201Z",
            "StackName": "network",
            "LogicalResourceId": "PrivateRouteTableC",
            "PhysicalResourceId": "",
            "ResourceType": "AWS::EC2::RouteTable",
            "Timestamp": "2020-06-18T16:02:50.201000+00:00",
            "ResourceStatus": "CREATE_IN_PROGRESS",
            "ResourceProperties": "{\"VpcId\":\"vpc-062a947d9ca295353\",\"Tags\":[{\"Value\":\"ar-private-route-c\",\"Key\":\"Name\"}]}"
        },
        {
            "StackId": "arn:aws:cloudformation:ap-northeast-1:651438125238:stack/network/19e38170-b17d-11ea-893e-063a64457ffa",
            "EventId": "PublicSubnetA-CREATE_IN_PROGRESS-2020-06-18T16:02:50.197Z",
            "StackName": "network",
            "LogicalResourceId": "PublicSubnetA",
            "PhysicalResourceId": "subnet-06d80b311d9892ddd",
            "ResourceType": "AWS::EC2::Subnet",
            "Timestamp": "2020-06-18T16:02:50.197000+00:00",
            "ResourceStatus": "CREATE_IN_PROGRESS",
            "ResourceStatusReason": "Resource creation Initiated",
            "ResourceProperties": "{\"VpcId\":\"vpc-062a947d9ca295353\",\"AvailabilityZone\":\"ap-northeast-1a\",\"CidrBlock\":\"10.2.10.0/24\",\"Tags\":[{\"Value\":\"ar-public-subnet-a\",\"Key\":\"Name\"}]}"
        },
        {
            "StackId": "arn:aws:cloudformation:ap-northeast-1:651438125238:stack/network/19e38170-b17d-11ea-893e-063a64457ffa",
            "EventId": "PrivateRouteTableA-CREATE_IN_PROGRESS-2020-06-18T16:02:50.095Z",
            "StackName": "network",
            "LogicalResourceId": "PrivateRouteTableA",
            "PhysicalResourceId": "rtb-0097bf20a5f504894",
            "ResourceType": "AWS::EC2::RouteTable",
            "Timestamp": "2020-06-18T16:02:50.095000+00:00",
            "ResourceStatus": "CREATE_IN_PROGRESS",
            "ResourceStatusReason": "Resource creation Initiated",
            "ResourceProperties": "{\"VpcId\":\"vpc-062a947d9ca295353\",\"Tags\":[{\"Value\":\"ar-private-route-a\",\"Key\":\"Name\"}]}"
        },
        {
            "StackId": "arn:aws:cloudformation:ap-northeast-1:651438125238:stack/network/19e38170-b17d-11ea-893e-063a64457ffa",
            "EventId": "InternetGatewayAttachment-CREATE_IN_PROGRESS-2020-06-18T16:02:49.958Z",
            "StackName": "network",
            "LogicalResourceId": "InternetGatewayAttachment",
            "PhysicalResourceId": "",
            "ResourceType": "AWS::EC2::VPCGatewayAttachment",
            "Timestamp": "2020-06-18T16:02:49.958000+00:00",
            "ResourceStatus": "CREATE_IN_PROGRESS",
            "ResourceProperties": "{\"InternetGatewayId\":\"igw-0cd39771f7ec31110\",\"VpcId\":\"vpc-062a947d9ca295353\"}"
        },
        {
            "StackId": "arn:aws:cloudformation:ap-northeast-1:651438125238:stack/network/19e38170-b17d-11ea-893e-063a64457ffa",
            "EventId": "PublicRouteTableC-CREATE_IN_PROGRESS-2020-06-18T16:02:49.953Z",
            "StackName": "network",
            "LogicalResourceId": "PublicRouteTableC",
            "PhysicalResourceId": "",
            "ResourceType": "AWS::EC2::RouteTable",
            "Timestamp": "2020-06-18T16:02:49.953000+00:00",
            "ResourceStatus": "CREATE_IN_PROGRESS",
            "ResourceProperties": "{\"VpcId\":\"vpc-062a947d9ca295353\",\"Tags\":[{\"Value\":\"ar-public-route-c\",\"Key\":\"Name\"}]}"
        },
        {
            "StackId": "arn:aws:cloudformation:ap-northeast-1:651438125238:stack/network/19e38170-b17d-11ea-893e-063a64457ffa",
            "EventId": "PublicSubnetC-CREATE_IN_PROGRESS-2020-06-18T16:02:49.943Z",
            "StackName": "network",
            "LogicalResourceId": "PublicSubnetC",
            "PhysicalResourceId": "",
            "ResourceType": "AWS::EC2::Subnet",
            "Timestamp": "2020-06-18T16:02:49.943000+00:00",
            "ResourceStatus": "CREATE_IN_PROGRESS",
            "ResourceProperties": "{\"VpcId\":\"vpc-062a947d9ca295353\",\"AvailabilityZone\":\"ap-northeast-1c\",\"CidrBlock\":\"10.2.20.0/24\",\"Tags\":[{\"Value\":\"ar-public-subnet-c\",\"Key\":\"Name\"}]}"
        },
        {
            "StackId": "arn:aws:cloudformation:ap-northeast-1:651438125238:stack/network/19e38170-b17d-11ea-893e-063a64457ffa",
            "EventId": "PublicRouteTableA-CREATE_IN_PROGRESS-2020-06-18T16:02:49.893Z",
            "StackName": "network",
            "LogicalResourceId": "PublicRouteTableA",
            "PhysicalResourceId": "",
            "ResourceType": "AWS::EC2::RouteTable",
            "Timestamp": "2020-06-18T16:02:49.893000+00:00",
            "ResourceStatus": "CREATE_IN_PROGRESS",
            "ResourceProperties": "{\"VpcId\":\"vpc-062a947d9ca295353\",\"Tags\":[{\"Value\":\"ar-public-route-a\",\"Key\":\"Name\"}]}"
        },
        {
            "StackId": "arn:aws:cloudformation:ap-northeast-1:651438125238:stack/network/19e38170-b17d-11ea-893e-063a64457ffa",
            "EventId": "PrivateSubnetA-CREATE_IN_PROGRESS-2020-06-18T16:02:49.776Z",
            "StackName": "network",
            "LogicalResourceId": "PrivateSubnetA",
            "PhysicalResourceId": "",
            "ResourceType": "AWS::EC2::Subnet",
            "Timestamp": "2020-06-18T16:02:49.776000+00:00",
            "ResourceStatus": "CREATE_IN_PROGRESS",
            "ResourceProperties": "{\"VpcId\":\"vpc-062a947d9ca295353\",\"AvailabilityZone\":\"ap-northeast-1a\",\"CidrBlock\":\"10.2.100.0/24\",\"Tags\":[{\"Value\":\"ar-private-subnet-a\",\"Key\":\"Name\"}]}"
        },
        {
            "StackId": "arn:aws:cloudformation:ap-northeast-1:651438125238:stack/network/19e38170-b17d-11ea-893e-063a64457ffa",
            "EventId": "PublicSubnetA-CREATE_IN_PROGRESS-2020-06-18T16:02:49.723Z",
            "StackName": "network",
            "LogicalResourceId": "PublicSubnetA",
            "PhysicalResourceId": "",
            "ResourceType": "AWS::EC2::Subnet",
            "Timestamp": "2020-06-18T16:02:49.723000+00:00",
            "ResourceStatus": "CREATE_IN_PROGRESS",
            "ResourceProperties": "{\"VpcId\":\"vpc-062a947d9ca295353\",\"AvailabilityZone\":\"ap-northeast-1a\",\"CidrBlock\":\"10.2.10.0/24\",\"Tags\":[{\"Value\":\"ar-public-subnet-a\",\"Key\":\"Name\"}]}"
        },
        {
            "StackId": "arn:aws:cloudformation:ap-northeast-1:651438125238:stack/network/19e38170-b17d-11ea-893e-063a64457ffa",
            "EventId": "PrivateRouteTableA-CREATE_IN_PROGRESS-2020-06-18T16:02:49.707Z",
            "StackName": "network",
            "LogicalResourceId": "PrivateRouteTableA",
            "PhysicalResourceId": "",
            "ResourceType": "AWS::EC2::RouteTable",
            "Timestamp": "2020-06-18T16:02:49.707000+00:00",
            "ResourceStatus": "CREATE_IN_PROGRESS",
            "ResourceProperties": "{\"VpcId\":\"vpc-062a947d9ca295353\",\"Tags\":[{\"Value\":\"ar-private-route-a\",\"Key\":\"Name\"}]}"
        },
        {
            "StackId": "arn:aws:cloudformation:ap-northeast-1:651438125238:stack/network/19e38170-b17d-11ea-893e-063a64457ffa",
            "EventId": "PrivateSubnetC-CREATE_IN_PROGRESS-2020-06-18T16:02:49.676Z",
            "StackName": "network",
            "LogicalResourceId": "PrivateSubnetC",
            "PhysicalResourceId": "",
            "ResourceType": "AWS::EC2::Subnet",
            "Timestamp": "2020-06-18T16:02:49.676000+00:00",
            "ResourceStatus": "CREATE_IN_PROGRESS",
            "ResourceProperties": "{\"VpcId\":\"vpc-062a947d9ca295353\",\"AvailabilityZone\":\"ap-northeast-1c\",\"CidrBlock\":\"10.2.200.0/24\",\"Tags\":[{\"Value\":\"ar-private-subnet-c\",\"Key\":\"Name\"}]}"
        },
        {
            "StackId": "arn:aws:cloudformation:ap-northeast-1:651438125238:stack/network/19e38170-b17d-11ea-893e-063a64457ffa",
            "EventId": "VPC-CREATE_COMPLETE-2020-06-18T16:02:47.697Z",
            "StackName": "network",
            "LogicalResourceId": "VPC",
            "PhysicalResourceId": "vpc-062a947d9ca295353",
            "ResourceType": "AWS::EC2::VPC",
            "Timestamp": "2020-06-18T16:02:47.697000+00:00",
            "ResourceStatus": "CREATE_COMPLETE",
            "ResourceProperties": "{\"InstanceTenancy\":\"default\",\"CidrBlock\":\"10.2.0.0/16\",\"EnableDnsSupport\":\"true\",\"Tags\":[{\"Value\":\"ar-vpc\",\"Key\":\"Name\"}],\"EnableDnsHostnames\":\"true\"}"
        },
        {
            "StackId": "arn:aws:cloudformation:ap-northeast-1:651438125238:stack/network/19e38170-b17d-11ea-893e-063a64457ffa",
            "EventId": "InternetGateway-CREATE_COMPLETE-2020-06-18T16:02:46.803Z",
            "StackName": "network",
            "LogicalResourceId": "InternetGateway",
            "PhysicalResourceId": "igw-0cd39771f7ec31110",
            "ResourceType": "AWS::EC2::InternetGateway",
            "Timestamp": "2020-06-18T16:02:46.803000+00:00",
            "ResourceStatus": "CREATE_COMPLETE",
            "ResourceProperties": "{\"Tags\":[{\"Value\":\"ar-igw\",\"Key\":\"Name\"}]}"
        },
        {
            "StackId": "arn:aws:cloudformation:ap-northeast-1:651438125238:stack/network/19e38170-b17d-11ea-893e-063a64457ffa",
            "EventId": "InternetGateway-CREATE_IN_PROGRESS-2020-06-18T16:02:30.750Z",
            "StackName": "network",
            "LogicalResourceId": "InternetGateway",
            "PhysicalResourceId": "igw-0cd39771f7ec31110",
            "ResourceType": "AWS::EC2::InternetGateway",
            "Timestamp": "2020-06-18T16:02:30.750000+00:00",
            "ResourceStatus": "CREATE_IN_PROGRESS",
            "ResourceStatusReason": "Resource creation Initiated",
            "ResourceProperties": "{\"Tags\":[{\"Value\":\"ar-igw\",\"Key\":\"Name\"}]}"
        },
        {
            "StackId": "arn:aws:cloudformation:ap-northeast-1:651438125238:stack/network/19e38170-b17d-11ea-893e-063a64457ffa",
            "EventId": "VPC-CREATE_IN_PROGRESS-2020-06-18T16:02:30.555Z",
            "StackName": "network",
            "LogicalResourceId": "VPC",
            "PhysicalResourceId": "vpc-062a947d9ca295353",
            "ResourceType": "AWS::EC2::VPC",
            "Timestamp": "2020-06-18T16:02:30.555000+00:00",
            "ResourceStatus": "CREATE_IN_PROGRESS",
            "ResourceStatusReason": "Resource creation Initiated",
            "ResourceProperties": "{\"InstanceTenancy\":\"default\",\"CidrBlock\":\"10.2.0.0/16\",\"EnableDnsSupport\":\"true\",\"Tags\":[{\"Value\":\"ar-vpc\",\"Key\":\"Name\"}],\"EnableDnsHostnames\":\"true\"}"
        },
        {
            "StackId": "arn:aws:cloudformation:ap-northeast-1:651438125238:stack/network/19e38170-b17d-11ea-893e-063a64457ffa",
            "EventId": "InternetGateway-CREATE_IN_PROGRESS-2020-06-18T16:02:30.413Z",
            "StackName": "network",
            "LogicalResourceId": "InternetGateway",
            "PhysicalResourceId": "",
            "ResourceType": "AWS::EC2::InternetGateway",
            "Timestamp": "2020-06-18T16:02:30.413000+00:00",
            "ResourceStatus": "CREATE_IN_PROGRESS",
            "ResourceProperties": "{\"Tags\":[{\"Value\":\"ar-igw\",\"Key\":\"Name\"}]}"
        },
        {
            "StackId": "arn:aws:cloudformation:ap-northeast-1:651438125238:stack/network/19e38170-b17d-11ea-893e-063a64457ffa",
            "EventId": "VPC-CREATE_IN_PROGRESS-2020-06-18T16:02:30.121Z",
            "StackName": "network",
            "LogicalResourceId": "VPC",
            "PhysicalResourceId": "",
            "ResourceType": "AWS::EC2::VPC",
            "Timestamp": "2020-06-18T16:02:30.121000+00:00",
            "ResourceStatus": "CREATE_IN_PROGRESS",
            "ResourceProperties": "{\"InstanceTenancy\":\"default\",\"CidrBlock\":\"10.2.0.0/16\",\"EnableDnsSupport\":\"true\",\"Tags\":[{\"Value\":\"ar-vpc\",\"Key\":\"Name\"}],\"EnableDnsHostnames\":\"true\"}"
        },
        {
            "StackId": "arn:aws:cloudformation:ap-northeast-1:651438125238:stack/network/19e38170-b17d-11ea-893e-063a64457ffa",
            "EventId": "19e55630-b17d-11ea-893e-063a64457ffa",
            "StackName": "network",
            "LogicalResourceId": "network",
            "PhysicalResourceId": "arn:aws:cloudformation:ap-northeast-1:651438125238:stack/network/19e38170-b17d-11ea-893e-063a64457ffa",
            "ResourceType": "AWS::CloudFormation::Stack",
            "Timestamp": "2020-06-18T16:02:25.332000+00:00",
            "ResourceStatus": "CREATE_IN_PROGRESS",
            "ResourceStatusReason": "User Initiated"
        }
    ]
}

process exited with code: 0
task is sucessful.
