Sending build context to Docker daemon  148.5kB
Step 1/3 : FROM alpine:3.5
 ---> f80194ae2e0c
Step 2/3 : RUN apk update && apk add --no-cache      tzdata      python   && cp /usr/share/zoneinfo/Asia/Tokyo /etc/localtime   && python -m ensurepip   && rm -r /usr/lib/python*/ensurepip   && pip install --upgrade pip setuptools   && pip install aws-shell   && apk del tzdata   && rm -r /root/.cache   && rm -rf /var/cache/apk/*
 ---> Running in 6bccd8bc97eb
fetch http://dl-cdn.alpinelinux.org/alpine/v3.5/main/x86_64/APKINDEX.tar.gz
fetch http://dl-cdn.alpinelinux.org/alpine/v3.5/community/x86_64/APKINDEX.tar.gz
v3.5.3-40-g389d0b359a [http://dl-cdn.alpinelinux.org/alpine/v3.5/main]
v3.5.3-40-g389d0b359a [http://dl-cdn.alpinelinux.org/alpine/v3.5/community]
OK: 7963 distinct packages available
fetch http://dl-cdn.alpinelinux.org/alpine/v3.5/main/x86_64/APKINDEX.tar.gz
fetch http://dl-cdn.alpinelinux.org/alpine/v3.5/community/x86_64/APKINDEX.tar.gz
(1/11) Installing libbz2 (1.0.6-r5)
(2/11) Installing expat (2.2.0-r1)
(3/11) Installing libffi (3.2.1-r2)
(4/11) Installing gdbm (1.12-r0)
(5/11) Installing ncurses-terminfo-base (6.0_p20171125-r1)
(6/11) Installing ncurses-terminfo (6.0_p20171125-r1)
(7/11) Installing ncurses-libs (6.0_p20171125-r1)
(8/11) Installing readline (6.3.008-r4)
(9/11) Installing sqlite-libs (3.15.2-r2)
(10/11) Installing python2 (2.7.15-r0)
(11/11) Installing tzdata (2016i-r0)
Executing busybox-1.25.1-r2.trigger
OK: 55 MiB in 22 packages
Collecting setuptools
Collecting pip
Installing collected packages: setuptools, pip
Successfully installed pip-9.0.3 setuptools-39.0.1
Collecting pip
  Downloading https://files.pythonhosted.org/packages/43/84/23ed6a1796480a6f1a2d38f2802901d078266bda38388954d01d3f2e821d/pip-20.1.1-py2.py3-none-any.whl (1.5MB)
Collecting setuptools
  Downloading https://files.pythonhosted.org/packages/e1/b7/182161210a13158cd3ccc41ee19aadef54496b74f2817cc147006ec932b4/setuptools-44.1.1-py2.py3-none-any.whl (583kB)
Installing collected packages: pip, setuptools
  Found existing installation: pip 9.0.3
    Uninstalling pip-9.0.3:
      Successfully uninstalled pip-9.0.3
  Found existing installation: setuptools 39.0.1
    Uninstalling setuptools-39.0.1:
      Successfully uninstalled setuptools-39.0.1
Successfully installed pip-20.1.1 setuptools-44.1.1
[91mDEPRECATION: Python 2.7 reached the end of its life on January 1st, 2020. Please upgrade your Python as Python 2.7 is no longer maintained. pip 21.0 will drop support for Python 2.7 in January 2021. More details about Python 2 support in pip, can be found at https://pip.pypa.io/en/latest/development/release-process/#python-2-support
[0mCollecting aws-shell
  Downloading aws_shell-0.2.1-py2.py3-none-any.whl (50 kB)
Collecting prompt-toolkit<1.1.0,>=1.0.0
  Downloading prompt_toolkit-1.0.18-py2-none-any.whl (245 kB)
Collecting configobj<6.0.0,>=5.0.6
  Downloading configobj-5.0.6.tar.gz (33 kB)
Collecting Pygments<3.0.0,>=2.1.3
  Downloading Pygments-2.5.2-py2.py3-none-any.whl (896 kB)
Collecting boto3<2.0.0,>=1.9.0
  Downloading boto3-1.13.24-py2.py3-none-any.whl (128 kB)
Collecting awscli<2.0.0,>=1.16.10
  Downloading awscli-1.18.74-py2.py3-none-any.whl (3.1 MB)
Collecting wcwidth
  Downloading wcwidth-0.2.4-py2.py3-none-any.whl (30 kB)
Collecting six>=1.9.0
  Downloading six-1.15.0-py2.py3-none-any.whl (10 kB)
Collecting s3transfer<0.4.0,>=0.3.0
  Downloading s3transfer-0.3.3-py2.py3-none-any.whl (69 kB)
Collecting jmespath<1.0.0,>=0.7.1
  Downloading jmespath-0.10.0-py2.py3-none-any.whl (24 kB)
Collecting botocore<1.17.0,>=1.16.24
  Downloading botocore-1.16.24-py2.py3-none-any.whl (6.2 MB)
Collecting PyYAML<5.4,>=3.10; python_version != "3.4"
  Downloading PyYAML-5.3.1.tar.gz (269 kB)
Collecting rsa<=3.5.0,>=3.1.2
  Downloading rsa-3.4.2-py2.py3-none-any.whl (46 kB)
Collecting colorama<0.4.4,>=0.2.5; python_version != "3.4"
  Downloading colorama-0.4.3-py2.py3-none-any.whl (15 kB)
Collecting docutils<0.16,>=0.10
  Downloading docutils-0.15.2-py2-none-any.whl (548 kB)
Collecting backports.functools-lru-cache>=1.2.1; python_version < "3.2"
  Downloading backports.functools_lru_cache-1.6.1-py2.py3-none-any.whl (5.7 kB)
Collecting futures<4.0.0,>=2.2.0; python_version == "2.7"
  Downloading futures-3.3.0-py2-none-any.whl (16 kB)
Collecting urllib3<1.26,>=1.20; python_version != "3.4"
  Downloading urllib3-1.25.9-py2.py3-none-any.whl (126 kB)
Collecting python-dateutil<3.0.0,>=2.1
  Downloading python_dateutil-2.8.1-py2.py3-none-any.whl (227 kB)
Collecting pyasn1>=0.1.3
  Downloading pyasn1-0.4.8-py2.py3-none-any.whl (77 kB)
Using legacy setup.py install for configobj, since package 'wheel' is not installed.
Using legacy setup.py install for PyYAML, since package 'wheel' is not installed.
Installing collected packages: backports.functools-lru-cache, wcwidth, six, prompt-toolkit, configobj, Pygments, futures, jmespath, urllib3, python-dateutil, docutils, botocore, s3transfer, boto3, PyYAML, pyasn1, rsa, colorama, awscli, aws-shell
    Running setup.py install for configobj: started
    Running setup.py install for configobj: finished with status 'done'
    Running setup.py install for PyYAML: started
    Running setup.py install for PyYAML: finished with status 'done'
Successfully installed PyYAML-5.3.1 Pygments-2.5.2 aws-shell-0.2.1 awscli-1.18.74 backports.functools-lru-cache-1.6.1 boto3-1.13.24 botocore-1.16.24 colorama-0.4.3 configobj-5.0.6 docutils-0.15.2 futures-3.3.0 jmespath-0.10.0 prompt-toolkit-1.0.18 pyasn1-0.4.8 python-dateutil-2.8.1 rsa-3.4.2 s3transfer-0.3.3 six-1.15.0 urllib3-1.25.9 wcwidth-0.2.4
(1/1) Purging tzdata (2016i-r0)
Executing busybox-1.25.1-r2.trigger
OK: 51 MiB in 21 packages
Removing intermediate container 6bccd8bc97eb
 ---> a5719ec5570c
Step 3/3 : ENTRYPOINT ["aws-shell"]
 ---> Running in 4a2f05b87b08
Removing intermediate container 4a2f05b87b08
 ---> 93d75ceaa349
Successfully built 93d75ceaa349
Successfully tagged develop/aws-shell:latest
