Sending build context to Docker daemon  42.56MB
Step 1/4 : FROM python:3.7-alpine
 ---> 6a5ca85ed89b
Step 2/4 : RUN apk update && apk add --no-cache --virtual build-deps         build-base         gcc         tzdata     && cp /usr/share/zoneinfo/Asia/Tokyo /etc/localtime     && pip install aws-sam-cli     && apk del build-deps     && rm -rf /var/cache/apk/*     && rm -rf /tmp/*
 ---> Running in 26b37a637109
fetch http://dl-cdn.alpinelinux.org/alpine/v3.12/main/x86_64/APKINDEX.tar.gz
fetch http://dl-cdn.alpinelinux.org/alpine/v3.12/community/x86_64/APKINDEX.tar.gz
v3.12.0-57-g76596d9eb3 [http://dl-cdn.alpinelinux.org/alpine/v3.12/main]
v3.12.0-59-gf0047a0abb [http://dl-cdn.alpinelinux.org/alpine/v3.12/community]
OK: 12733 distinct packages available
fetch http://dl-cdn.alpinelinux.org/alpine/v3.12/main/x86_64/APKINDEX.tar.gz
fetch http://dl-cdn.alpinelinux.org/alpine/v3.12/community/x86_64/APKINDEX.tar.gz
(1/22) Installing libgcc (9.3.0-r2)
(2/22) Installing libstdc++ (9.3.0-r2)
(3/22) Installing binutils (2.34-r1)
(4/22) Installing libmagic (5.38-r0)
(5/22) Installing file (5.38-r0)
(6/22) Installing gmp (6.2.0-r0)
(7/22) Installing isl (0.18-r0)
(8/22) Installing libgomp (9.3.0-r2)
(9/22) Installing libatomic (9.3.0-r2)
(10/22) Installing libgphobos (9.3.0-r2)
(11/22) Installing mpfr4 (4.0.2-r4)
(12/22) Installing mpc1 (1.1.0-r1)
(13/22) Installing gcc (9.3.0-r2)
(14/22) Installing musl-dev (1.1.24-r8)
(15/22) Installing libc-dev (0.7.2-r3)
(16/22) Installing g++ (9.3.0-r2)
(17/22) Installing make (4.3-r0)
(18/22) Installing fortify-headers (1.1-r0)
(19/22) Installing patch (2.7.6-r6)
(20/22) Installing build-base (0.5-r2)
(21/22) Installing tzdata (2020a-r0)
(22/22) Installing build-deps (20200610.173756)
Executing busybox-1.31.1-r16.trigger
OK: 215 MiB in 57 packages
Collecting aws-sam-cli
  Downloading aws_sam_cli-0.52.0-py3-none-any.whl (443 kB)
Collecting tomlkit==0.5.8
  Downloading tomlkit-0.5.8-py2.py3-none-any.whl (30 kB)
Collecting docker~=4.0
  Downloading docker-4.2.1-py2.py3-none-any.whl (143 kB)
Collecting click~=7.0
  Downloading click-7.1.2-py2.py3-none-any.whl (82 kB)
Collecting aws-lambda-builders==0.9.0
  Downloading aws_lambda_builders-0.9.0-py3-none-any.whl (93 kB)
Collecting jmespath~=0.9.5
  Downloading jmespath-0.9.5-py2.py3-none-any.whl (24 kB)
Collecting Flask~=1.0.2
  Downloading Flask-1.0.4-py2.py3-none-any.whl (92 kB)
Collecting chevron~=0.12
  Downloading chevron-0.13.1-py3-none-any.whl (11 kB)
Collecting dateparser~=0.7
  Downloading dateparser-0.7.5-py2.py3-none-any.whl (361 kB)
Collecting python-dateutil<2.8.1,~=2.6
  Downloading python_dateutil-2.8.0-py2.py3-none-any.whl (226 kB)
Collecting requests==2.23.0
  Downloading requests-2.23.0-py2.py3-none-any.whl (58 kB)
Collecting aws-sam-translator==1.24.0
  Downloading aws_sam_translator-1.24.0-py3-none-any.whl (181 kB)
Collecting serverlessrepo==0.1.9
  Downloading serverlessrepo-0.1.9-py2.py3-none-any.whl (23 kB)
Collecting boto3>=1.13.0,~=1.13.0
  Downloading boto3-1.13.26-py2.py3-none-any.whl (128 kB)
Collecting cookiecutter~=1.6.0
  Downloading cookiecutter-1.6.0-py2.py3-none-any.whl (50 kB)
Collecting PyYAML~=5.1
  Downloading PyYAML-5.3.1.tar.gz (269 kB)
Collecting six>=1.4.0
  Downloading six-1.15.0-py2.py3-none-any.whl (10 kB)
Collecting websocket-client>=0.32.0
  Downloading websocket_client-0.57.0-py2.py3-none-any.whl (200 kB)
Requirement already satisfied: wheel in /usr/local/lib/python3.7/site-packages (from aws-lambda-builders==0.9.0->aws-sam-cli) (0.34.2)
Requirement already satisfied: setuptools in /usr/local/lib/python3.7/site-packages (from aws-lambda-builders==0.9.0->aws-sam-cli) (47.1.1)
Collecting Werkzeug>=0.14
  Downloading Werkzeug-1.0.1-py2.py3-none-any.whl (298 kB)
Collecting itsdangerous>=0.24
  Downloading itsdangerous-1.1.0-py2.py3-none-any.whl (16 kB)
Collecting Jinja2>=2.10
  Downloading Jinja2-2.11.2-py2.py3-none-any.whl (125 kB)
Collecting regex!=2019.02.19
  Downloading regex-2020.6.8.tar.gz (690 kB)
Collecting pytz
  Downloading pytz-2020.1-py2.py3-none-any.whl (510 kB)
Collecting tzlocal
  Downloading tzlocal-2.1-py2.py3-none-any.whl (16 kB)
Collecting certifi>=2017.4.17
  Downloading certifi-2020.4.5.2-py2.py3-none-any.whl (157 kB)
Collecting chardet<4,>=3.0.2
  Downloading chardet-3.0.4-py2.py3-none-any.whl (133 kB)
Collecting idna<3,>=2.5
  Downloading idna-2.9-py2.py3-none-any.whl (58 kB)
Collecting urllib3!=1.25.0,!=1.25.1,<1.26,>=1.21.1
  Downloading urllib3-1.25.9-py2.py3-none-any.whl (126 kB)
Collecting jsonschema~=3.0
  Downloading jsonschema-3.2.0-py2.py3-none-any.whl (56 kB)
Collecting botocore<1.17.0,>=1.16.26
  Downloading botocore-1.16.26-py2.py3-none-any.whl (6.2 MB)
Collecting s3transfer<0.4.0,>=0.3.0
  Downloading s3transfer-0.3.3-py2.py3-none-any.whl (69 kB)
Collecting whichcraft>=0.4.0
  Downloading whichcraft-0.6.1-py2.py3-none-any.whl (5.2 kB)
Collecting poyo>=0.1.0
  Downloading poyo-0.5.0-py2.py3-none-any.whl (10 kB)
Collecting binaryornot>=0.2.0
  Downloading binaryornot-0.4.4-py2.py3-none-any.whl (9.0 kB)
Collecting future>=0.15.2
  Downloading future-0.18.2.tar.gz (829 kB)
Collecting jinja2-time>=0.1.0
  Downloading jinja2_time-0.2.0-py2.py3-none-any.whl (6.4 kB)
Collecting MarkupSafe>=0.23
  Downloading MarkupSafe-1.1.1.tar.gz (19 kB)
Collecting pyrsistent>=0.14.0
  Downloading pyrsistent-0.16.0.tar.gz (108 kB)
Collecting attrs>=17.4.0
  Downloading attrs-19.3.0-py2.py3-none-any.whl (39 kB)
Collecting importlib-metadata; python_version < "3.8"
  Downloading importlib_metadata-1.6.1-py2.py3-none-any.whl (31 kB)
Collecting docutils<0.16,>=0.10
  Downloading docutils-0.15.2-py3-none-any.whl (547 kB)
Collecting arrow
  Downloading arrow-0.15.6-py2.py3-none-any.whl (47 kB)
Collecting zipp>=0.5
  Downloading zipp-3.1.0-py3-none-any.whl (4.9 kB)
Building wheels for collected packages: PyYAML, regex, future, MarkupSafe, pyrsistent
  Building wheel for PyYAML (setup.py): started
  Building wheel for PyYAML (setup.py): finished with status 'done'
  Created wheel for PyYAML: filename=PyYAML-5.3.1-cp37-cp37m-linux_x86_64.whl size=44619 sha256=3e18064059b8b01646410eca11a08d3a09833f7445bb59badbd91b6db1d93883
  Stored in directory: /root/.cache/pip/wheels/5e/03/1e/e1e954795d6f35dfc7b637fe2277bff021303bd9570ecea653
  Building wheel for regex (setup.py): started
  Building wheel for regex (setup.py): finished with status 'done'
  Created wheel for regex: filename=regex-2020.6.8-cp37-cp37m-linux_x86_64.whl size=285173 sha256=416052c6a915d347b24feb6c328a577a52b93622fd2cd9b4598d8b111b7c8f8a
  Stored in directory: /root/.cache/pip/wheels/46/f1/0b/a372e98f7103934a3573301c71b475143baf8ba6f6dffc876c
  Building wheel for future (setup.py): started
  Building wheel for future (setup.py): finished with status 'done'
  Created wheel for future: filename=future-0.18.2-py3-none-any.whl size=491058 sha256=2691d4450014a2950f71e020d1f9a764f86eaeb61d10ff4b2f89fbd5c888b028
  Stored in directory: /root/.cache/pip/wheels/56/b0/fe/4410d17b32f1f0c3cf54cdfb2bc04d7b4b8f4ae377e2229ba0
  Building wheel for MarkupSafe (setup.py): started
  Building wheel for MarkupSafe (setup.py): finished with status 'done'
  Created wheel for MarkupSafe: filename=MarkupSafe-1.1.1-cp37-cp37m-linux_x86_64.whl size=17626 sha256=5132a32950f2bac51b93908befe41adb687ef988446f2bba01ae625acf0d0f3f
  Stored in directory: /root/.cache/pip/wheels/b9/d9/ae/63bf9056b0a22b13ade9f6b9e08187c1bb71c47ef21a8c9924
  Building wheel for pyrsistent (setup.py): started
  Building wheel for pyrsistent (setup.py): finished with status 'done'
  Created wheel for pyrsistent: filename=pyrsistent-0.16.0-cp37-cp37m-linux_x86_64.whl size=74780 sha256=a90558e563e03b825739e72b0bd4129d442df56a2cce3d087a40612b91a9a9ea
  Stored in directory: /root/.cache/pip/wheels/22/52/11/f0920f95c23ed7d2d0b05f2b7b2f4509e87a20cfe8ea43d987
Successfully built PyYAML regex future MarkupSafe pyrsistent
Installing collected packages: tomlkit, six, websocket-client, certifi, chardet, idna, urllib3, requests, docker, click, aws-lambda-builders, jmespath, Werkzeug, itsdangerous, MarkupSafe, Jinja2, Flask, chevron, python-dateutil, regex, pytz, tzlocal, dateparser, pyrsistent, attrs, zipp, importlib-metadata, jsonschema, docutils, botocore, s3transfer, boto3, aws-sam-translator, PyYAML, serverlessrepo, whichcraft, poyo, binaryornot, future, arrow, jinja2-time, cookiecutter, aws-sam-cli
Successfully installed Flask-1.0.4 Jinja2-2.11.2 MarkupSafe-1.1.1 PyYAML-5.3.1 Werkzeug-1.0.1 arrow-0.15.6 attrs-19.3.0 aws-lambda-builders-0.9.0 aws-sam-cli-0.52.0 aws-sam-translator-1.24.0 binaryornot-0.4.4 boto3-1.13.26 botocore-1.16.26 certifi-2020.4.5.2 chardet-3.0.4 chevron-0.13.1 click-7.1.2 cookiecutter-1.6.0 dateparser-0.7.5 docker-4.2.1 docutils-0.15.2 future-0.18.2 idna-2.9 importlib-metadata-1.6.1 itsdangerous-1.1.0 jinja2-time-0.2.0 jmespath-0.9.5 jsonschema-3.2.0 poyo-0.5.0 pyrsistent-0.16.0 python-dateutil-2.8.0 pytz-2020.1 regex-2020.6.8 requests-2.23.0 s3transfer-0.3.3 serverlessrepo-0.1.9 six-1.15.0 tomlkit-0.5.8 tzlocal-2.1 urllib3-1.25.9 websocket-client-0.57.0 whichcraft-0.6.1 zipp-3.1.0
(1/22) Purging build-deps (20200610.173756)
(2/22) Purging build-base (0.5-r2)
(3/22) Purging file (5.38-r0)
(4/22) Purging g++ (9.3.0-r2)
(5/22) Purging make (4.3-r0)
(6/22) Purging libc-dev (0.7.2-r3)
(7/22) Purging musl-dev (1.1.24-r8)
(8/22) Purging fortify-headers (1.1-r0)
(9/22) Purging patch (2.7.6-r6)
(10/22) Purging gcc (9.3.0-r2)
(11/22) Purging binutils (2.34-r1)
(12/22) Purging libatomic (9.3.0-r2)
(13/22) Purging libgomp (9.3.0-r2)
(14/22) Purging libgphobos (9.3.0-r2)
(15/22) Purging tzdata (2020a-r0)
(16/22) Purging libstdc++ (9.3.0-r2)
(17/22) Purging libgcc (9.3.0-r2)
(18/22) Purging libmagic (5.38-r0)
(19/22) Purging isl (0.18-r0)
(20/22) Purging mpc1 (1.1.0-r1)
(21/22) Purging mpfr4 (4.0.2-r4)
(22/22) Purging gmp (6.2.0-r0)
Executing busybox-1.31.1-r16.trigger
OK: 11 MiB in 35 packages
Removing intermediate container 26b37a637109
 ---> 220db55a77a8
Step 3/4 : EXPOSE 3000
 ---> Running in 76c9b24f8dd8
Removing intermediate container 76c9b24f8dd8
 ---> aa1fe689f150
Step 4/4 : ENTRYPOINT ["/usr/local/bin/sam"]
 ---> Running in bb021817096e
Removing intermediate container bb021817096e
 ---> b6667d13c333
Successfully built b6667d13c333
Successfully tagged develop/aws-sam:latest
